<?xml version="1.0" encoding="UTF-8"?>
<testsuite name="RationalTest" tests="8" skipped="0" failures="0" errors="0" timestamp="2023-09-13T16:30:29" hostname="Kaewalins-Air" time="0.005">
  <properties/>
  <testcase name="testCompareTo2" classname="RationalTest" time="0.003"/>
  <testcase name="testCompareTo3" classname="RationalTest" time="0.0"/>
  <testcase name="testAdd" classname="RationalTest" time="0.0"/>
  <testcase name="testCompareTo" classname="RationalTest" time="0.0"/>
  <testcase name="testSubstract" classname="RationalTest" time="0.0"/>
  <testcase name="testDivide" classname="RationalTest" time="0.0"/>
  <testcase name="testEquals" classname="RationalTest" time="0.0"/>
  <testcase name="testMultiply" classname="RationalTest" time="0.0"/>
  <system-out><![CDATA[]]></system-out>
  <system-err><![CDATA[]]></system-err>
</testsuite>
